<?xml version="1.0" encoding="UTF-8"?><testrun name="Amazon" project="Amazon" tests="1" started="1" failures="0" errors="1" ignored="0">
  <testsuite name="runners.testRunner" time="5.59" displayname="testRunner" uniqueid="[engine:junit-platform-suite]/[suite:runners.testRunner]">
    <testsuite name="Cucumber" time="5.59" uniqueid="[engine:junit-platform-suite]/[suite:runners.testRunner]/[engine:cucumber]">
      <testsuite name="Buscar um item na amazon" time="5.59" uniqueid="[engine:junit-platform-suite]/[suite:runners.testRunner]/[engine:cucumber]/[feature:classpath%3Afeatures%2FamazonHomePage.feature]">
        <testcase name="Buscar um fone de ouvido na amazon" classname="Buscar um fone de ouvido na amazon" time="5.59" uniqueid="[engine:junit-platform-suite]/[suite:runners.testRunner]/[engine:cucumber]/[feature:classpath%3Afeatures%2FamazonHomePage.feature]/[scenario:7]">
          <error>io.cucumber.java.PendingException: TODO: implement me&#13;
	at stepDefinition.AmazonSearchStepDefinition.eu_digito_na_caixa_de_pesquisa(AmazonSearchStepDefinition.java:25)&#13;
	at âœ½.eu digito "Fone de ouvido" na caixa de pesquisa(classpath:features/amazonHomePage.feature:9)&#13;
&#13;
</error>
        </testcase>
      </testsuite>
    </testsuite>
  </testsuite>
</testrun>
